<?xml version="1.0" encoding="UTF-8"?>
<testng-results ignored="0" total="1" passed="1" failed="0" skipped="0">
  <reporter-output>
  </reporter-output>
  <suite started-at="2024-08-28T14:37:37 CDT" name="Default suite" finished-at="2024-08-28T14:37:52 CDT" duration-ms="15150">
    <groups>
    </groups>
    <test started-at="2024-08-28T14:37:37 CDT" name="Default test" finished-at="2024-08-28T14:37:52 CDT" duration-ms="15150">
      <class name="test.AddCustomerTest">
        <test-method signature="validUserShouldBeAbleToAddCustomer()[pri:0, instance:test.AddCustomerTest@67c33749]" started-at="2024-08-28T14:37:37 CDT" name="validUserShouldBeAbleToAddCustomer" finished-at="2024-08-28T14:37:52 CDT" duration-ms="15129" status="PASS">
          <reporter-output>
          </reporter-output>
        </test-method> <!-- validUserShouldBeAbleToAddCustomer -->
      </class> <!-- test.AddCustomerTest -->
    </test> <!-- Default test -->
  </suite> <!-- Default suite -->
</testng-results>
